<?xml version="1.0" encoding="UTF-8"?>
<testng-results ignored="0" total="1" passed="1" failed="0" skipped="0">
  <reporter-output>
  </reporter-output>
  <suite started-at="2023-06-30T10:45:18 IST" name="Suite" finished-at="2023-06-30T10:52:23 IST" duration-ms="425296">
    <groups>
    </groups>
    <test started-at="2023-06-30T10:45:18 IST" name="Test" finished-at="2023-06-30T10:52:23 IST" duration-ms="425296">
      <class name="testBase.CreateBug">
        <test-method is-config="true" signature="setup(java.lang.String)[pri:0, instance:testBase.CreateBug@1d2adfbe]" started-at="2023-06-30T10:45:18 IST" name="setup" finished-at="2023-06-30T10:45:34 IST" duration-ms="15442" status="PASS">
          <params>
            <param index="0">
              <value>
                <![CDATA[chrome]]>
              </value>
            </param>
          </params>
          <reporter-output>
          </reporter-output>
        </test-method> <!-- setup -->
        <test-method signature="createBugs()[pri:0, instance:testBase.CreateBug@1d2adfbe]" started-at="2023-06-30T10:45:34 IST" name="createBugs" finished-at="2023-06-30T10:52:23 IST" duration-ms="409732" status="PASS">
          <reporter-output>
          </reporter-output>
        </test-method> <!-- createBugs -->
      </class> <!-- testBase.CreateBug -->
    </test> <!-- Test -->
  </suite> <!-- Suite -->
</testng-results>
